<coverage line-rate="0.33">
  <packages>
    <package name="reaktor.scct" line-rate="0.66">
      <classes>
        <class filename="src/main/scala/reaktor/scct/Coverage.scala" name="ClassTypes" line-rate="0">
          <methods></methods>
          <lines> </lines>
        </class>
        <class filename="src/main/scala/reaktor/scct/Coverage.scala" name="ClassTypes.Class" line-rate="0">
          <methods></methods>
          <lines> </lines>
        </class>
        <class filename="src/main/scala/reaktor/scct/Coverage.scala" name="ClassTypes.ClassType" line-rate="1">
          <methods></methods>
          <lines>
            <line number="84" hits="1"></line>
          </lines>
        </class>
        <class filename="src/main/scala/reaktor/scct/Coverage.scala" name="ClassTypes.Object" line-rate="0">
          <methods></methods>
          <lines> </lines>
        </class>
        <class filename="src/main/scala/reaktor/scct/Coverage.scala" name="ClassTypes.Package" line-rate="0">
          <methods></methods>
          <lines> </lines>
        </class>
        <class filename="src/main/scala/reaktor/scct/Coverage.scala" name="ClassTypes.Root" line-rate="0">
          <methods></methods>
          <lines> </lines>
        </class>
        <class filename="src/main/scala/reaktor/scct/Coverage.scala" name="ClassTypes.Trait" line-rate="0">
          <methods></methods>
          <lines> </lines>
        </class>
        <class filename="src/main/scala/reaktor/scct/Coverage.scala" name="Coverage" line-rate="0">
          <methods></methods>
          <lines> </lines>
        </class>
        <class filename="src/main/scala/reaktor/scct/Coverage.scala" name="Coverage" line-rate="0">
          <methods></methods>
          <lines>
            <line number="6" hits="0"></line>
            <line number="22" hits="0"></line>
            <line number="23" hits="0"></line>
            <line number="24" hits="0"></line>
            <line number="25" hits="0"></line>
            <line number="26" hits="0"></line>
            <line number="41" hits="0"></line>
            <line number="42" hits="0"></line>
            <line number="45" hits="0"></line>
            <line number="46" hits="0"></line>
            <line number="47" hits="0"></line>
            <line number="53" hits="0"></line>
            <line number="54" hits="0"></line>
            <line number="55" hits="0"></line>
            <line number="56" hits="0"></line>
            <line number="57" hits="0"></line>
            <line number="61" hits="0"></line>
            <line number="70" hits="0"></line>
            <line number="71" hits="0"></line>
          </lines>
        </class>
        <class filename="src/main/scala/reaktor/scct/Coverage.scala" name="CoveredBlock" line-rate="1">
          <methods></methods>
          <lines>
            <line number="101" hits="1"></line>
            <line number="102" hits="1"></line>
            <line number="103" hits="1"></line>
          </lines>
        </class>
        <class filename="src/main/scala/reaktor/scct/Debugging.scala" name="Debugging" line-rate="0">
          <methods></methods>
          <lines>
            <line number="8" hits="0"></line>
            <line number="11" hits="0"></line>
            <line number="15" hits="0"></line>
            <line number="19" hits="0"></line>
            <line number="20" hits="0"></line>
            <line number="22" hits="0"></line>
            <line number="23" hits="0"></line>
            <line number="24" hits="0"></line>
            <line number="26" hits="0"></line>
          </lines>
        </class>
        <class filename="src/main/scala/reaktor/scct/Env.scala" name="Env" line-rate="0.5">
          <methods></methods>
          <lines>
            <line number="41" hits="1"></line>
            <line number="42" hits="1"></line>
            <line number="43" hits="1"></line>
            <line number="45" hits="1"></line>
            <line number="46" hits="0"></line>
            <line number="47" hits="1"></line>
            <line number="48" hits="0"></line>
            <line number="51" hits="0"></line>
            <line number="53" hits="0"></line>
          </lines>
        </class>
        <class filename="src/main/scala/reaktor/scct/Env.scala" name="Env" line-rate="0.68">
          <methods></methods>
          <lines>
            <line number="8" hits="1"></line>
            <line number="11" hits="0"></line>
            <line number="14" hits="0"></line>
            <line number="15" hits="0"></line>
            <line number="16" hits="0"></line>
            <line number="17" hits="0"></line>
            <line number="19" hits="0"></line>
            <line number="24" hits="1"></line>
            <line number="25" hits="2"></line>
            <line number="26" hits="1"></line>
            <line number="30" hits="1"></line>
            <line number="31" hits="1"></line>
            <line number="32" hits="1"></line>
            <line number="33" hits="1"></line>
            <line number="34" hits="1"></line>
            <line number="35" hits="1"></line>
            <line number="36" hits="1"></line>
            <line number="37" hits="1"></line>
          </lines>
        </class>
        <class filename="src/main/scala/reaktor/scct/IO.scala" name="IO" line-rate="0">
          <methods></methods>
          <lines> </lines>
        </class>
        <class filename="src/main/scala/reaktor/scct/IO.scala" name="IO" line-rate="0.10">
          <methods></methods>
          <lines>
            <line number="11" hits="0"></line>
            <line number="13" hits="0"></line>
            <line number="18" hits="1"></line>
            <line number="20" hits="1"></line>
            <line number="25" hits="0"></line>
            <line number="29" hits="0"></line>
            <line number="33" hits="0"></line>
            <line number="36" hits="0"></line>
            <line number="40" hits="0"></line>
            <line number="44" hits="0"></line>
            <line number="45" hits="0"></line>
            <line number="49" hits="0"></line>
            <line number="50" hits="0"></line>
            <line number="55" hits="0"></line>
            <line number="57" hits="0"></line>
            <line number="59" hits="0"></line>
            <line number="61" hits="0"></line>
            <line number="65" hits="0"></line>
            <line number="66" hits="0"></line>
            <line number="67" hits="0"></line>
            <line number="68" hits="0"></line>
            <line number="70" hits="0"></line>
            <line number="74" hits="1"></line>
          </lines>
        </class>
        <class filename="src/main/scala/reaktor/scct/IO.scala" name="IO.ClassLoaderedObjectInputStream" line-rate="0">
          <methods></methods>
          <lines>
            <line number="77" hits="0"></line>
            <line number="79" hits="0"></line>
          </lines>
        </class>
        <class filename="src/main/scala/reaktor/scct/MetadataPickler.scala" name="MetadataPickler" line-rate="0">
          <methods></methods>
          <lines>
            <line number="9" hits="0"></line>
            <line number="13" hits="0"></line>
            <line number="17" hits="0"></line>
            <line number="18" hits="0"></line>
            <line number="19" hits="0"></line>
            <line number="24" hits="0"></line>
            <line number="25" hits="0"></line>
            <line number="27" hits="0"></line>
          </lines>
        </class>
        <class filename="src/main/scala/reaktor/scct/Coverage.scala" name="Name" line-rate="0.9">
          <methods></methods>
          <lines>
            <line number="92" hits="1"></line>
            <line number="94" hits="1"></line>
            <line number="95" hits="1"></line>
            <line number="96" hits="1"></line>
            <line number="97" hits="5"></line>
            <line number="99" hits="0"></line>
          </lines>
        </class>
        <class filename="src/main/scala/reaktor/scct/ScctInstrumentPlugin.scala" name="ScctInstrumentPlugin" line-rate="0.53">
          <methods></methods>
          <lines>
            <line number="9" hits="1"></line>
            <line number="10" hits="1"></line>
            <line number="11" hits="1"></line>
            <line number="12" hits="1"></line>
            <line number="14" hits="1"></line>
            <line number="15" hits="1"></line>
            <line number="18" hits="0"></line>
            <line number="19" hits="0"></line>
            <line number="20" hits="0"></line>
            <line number="21" hits="0"></line>
            <line number="22" hits="0"></line>
            <line number="24" hits="0"></line>
            <line number="28" hits="1"></line>
          </lines>
        </class>
        <class 
        filename="src/main/scala/reaktor/scct/ScctInstrumentPlugin.scala" name="ScctInstrumentPluginOptions" line-rate="1">
          <methods></methods>
          <lines>
            <line number="34" hits="1"></line>
            <line number="35" hits="1"></line>
          </lines>
</class>
        <class 
        filename="src/main/scala/reaktor/scct/ScctInstrumentPlugin.scala" name="ScctInstrumentPluginOptions" line-rate="0.75">
          <methods></methods>
          <lines>
            <line number="40" hits="1"></line>
            <line number="43" hits="2"></line>
          </lines>
</class>
        <class 
        filename="src/main/scala/reaktor/scct/ScctInstrumentPlugin.scala" name="ScctTransformComponent" line-rate="0.79">
          <methods></methods>
          <lines>
            <line number="47" hits="1"></line>
            <line number="50" hits="1"></line>
            <line number="51" hits="1"></line>
            <line number="52" hits="1"></line>
            <line number="53" hits="1"></line>
            <line number="55" hits="1"></line>
            <line number="56" hits="1"></line>
            <line number="57" hits="1"></line>
            <line number="58" hits="1"></line>
            <line number="59" hits="0"></line>
            <line number="60" hits="2"></line>
            <line number="62" hits="1"></line>
            <line number="232" hits="1"></line>
            <line number="233" hits="0"></line>
            <line number="234" hits="1"></line>
            <line number="236" hits="1"></line>
            <line number="241" hits="1"></line>
            <line number="242" hits="1"></line>
            <line number="243" hits="2"></line>
            <line number="244" hits="2"></line>
            <line number="245" hits="2"></line>
            <line number="246" hits="1"></line>
            <line number="248" hits="1"></line>
            <line number="249" hits="0"></line>
            <line number="250" hits="1"></line>
            <line number="254" hits="1"></line>
            <line number="255" hits="0"></line>
            <line number="256" hits="0"></line>
            <line number="257" hits="1"></line>
            <line number="258" hits="1"></line>
            <line number="259" hits="1"></line>
            <line number="260" hits="2"></line>
            <line number="261" hits="1"></line>
            <line number="266" hits="1"></line>
            <line number="267" hits="2"></line>
            <line number="268" hits="2"></line>
            <line number="269" hits="2"></line>
            <line number="270" hits="1"></line>
            <line number="274" hits="1"></line>
            <line number="294" hits="1"></line>
          </lines>
</class>
        <class 
        filename="src/main/scala/reaktor/scct/ScctInstrumentPlugin.scala" name="ScctTransformComponent.ClassRegisterer" line-rate="1">
          <methods></methods>
          <lines>
            <line number="296" hits="1"></line>
            <line number="298" hits="1"></line>
            <line number="299" hits="1"></line>
            <line number="300" hits="2"></line>
            <line number="304" hits="1"></line>
          </lines>
</class>
        <class 
        filename="src/main/scala/reaktor/scct/ScctInstrumentPlugin.scala" name="ScctTransformComponent.Instrumenter" line-rate="0.96">
          <methods></methods>
          <lines>
            <line number="76" hits="1"></line>
            <line number="79" hits="1"></line>
            <line number="80" hits="1"></line>
            <line number="81" hits="1"></line>
            <line number="82" hits="1"></line>
            <line number="86" hits="2"></line>
            <line number="87" hits="3"></line>
            <line number="90" hits="1"></line>
            <line number="91" hits="1"></line>
            <line number="92" hits="1"></line>
            <line number="93" hits="1"></line>
            <line number="94" hits="1"></line>
            <line number="95" hits="1"></line>
            <line number="96" hits="1"></line>
            <line number="98" hits="1"></line>
            <line number="99" hits="2"></line>
            <line number="100" hits="2"></line>
            <line number="101" hits="2"></line>
            <line number="102" hits="2"></line>
            <line number="103" hits="2"></line>
            <line number="104" hits="2"></line>
            <line number="105" hits="2"></line>
            <line number="107" hits="1"></line>
            <line number="108" hits="1"></line>
            <line number="110" hits="1"></line>
            <line number="111" hits="1"></line>
            <line number="112" hits="1"></line>
            <line number="113" hits="1"></line>
            <line number="116" hits="1"></line>
            <line number="118" hits="1"></line>
            <line number="119" hits="1"></line>
            <line number="122" hits="1"></line>
            <line number="125" hits="1"></line>
            <line number="128" hits="1"></line>
            <line number="131" hits="1"></line>
            <line number="134" hits="1"></line>
            <line number="137" hits="1"></line>
            <line number="140" hits="1"></line>
            <line number="142" hits="1"></line>
            <line number="143" hits="1"></line>
            <line number="144" hits="1"></line>
            <line number="145" hits="1"></line>
            <line number="147" hits="1"></line>
            <line number="148" hits="1"></line>
            <line number="149" hits="1"></line>
            <line number="150" hits="1"></line>
            <line number="153" hits="1"></line>
            <line number="154" hits="4"></line>
            <line number="155" hits="1"></line>
            <line number="156" hits="1"></line>
            <line number="158" hits="1"></line>
            <line number="161" hits="3"></line>
            <line number="163" hits="1"></line>
            <line number="164" hits="1"></line>
            <line number="165" hits="0"></line>
            <line number="166" hits="1"></line>
            <line number="167" hits="1"></line>
            <line number="168" hits="1"></line>
            <line number="169" hits="1"></line>
            <line number="170" hits="1"></line>
            <line number="171" hits="1"></line>
            <line number="172" hits="1"></line>
            <line number="173" hits="0"></line>
            <line number="174" hits="1"></line>
            <line number="175" hits="1"></line>
            <line number="176" hits="1"></line>
            <line number="177" hits="1"></line>
            <line number="178" hits="1"></line>
            <line number="181" hits="1"></line>
            <line number="183" hits="1"></line>
            <line number="184" hits="3"></line>
            <line number="188" hits="3"></line>
            <line number="191" hits="1"></line>
            <line number="192" hits="1"></line>
            <line number="193" hits="1"></line>
            <line number="195" hits="2"></line>
            <line number="197" hits="2"></line>
            <line number="198" hits="3"></line>
            <line number="199" hits="1"></line>
            <line number="200" hits="3"></line>
            <line number="203" hits="1"></line>
            <line number="204" hits="1"></line>
            <line number="210" hits="1"></line>
            <line number="211" hits="1"></line>
            <line number="212" hits="1"></line>
            <line number="216" hits="1"></line>
            <line number="217" hits="2"></line>
            <line number="218" hits="1"></line>
            <line number="222" hits="1"></line>
            <line number="226" hits="1"></line>
            <line number="227" hits="1"></line>
          </lines>
</class>
        <class 
        filename="src/main/scala/reaktor/scct/ScctInstrumentPlugin.scala" name="ScctTransformComponent.MinimumOffsetFinder" line-rate="1">
          <methods></methods>
          <lines>
            <line number="276" hits="1"></line>
            <line number="277" hits="1"></line>
            <line number="279" hits="1"></line>
            <line number="280" hits="1"></line>
            <line number="281" hits="2"></line>
            <line number="283" hits="1"></line>
            <line number="287" hits="1"></line>
            <line number="288" hits="1"></line>
            <line number="289" hits="1"></line>
          </lines>
</class>
        <class filename="src/main/scala/reaktor/scct/Coverage.scala" name="State" line-rate="0">
          <methods></methods>
          <lines> </lines>
        </class>
        <class filename="src/main/scala/reaktor/scct/Coverage.scala" name="uncovered" line-rate="0">
          <methods></methods>
          <lines>
            <line number="107" hits="0"></line>
          </lines>
        </class>
      </classes>
    </package>
    <package name="reaktor.scct.report" line-rate="0.12">
      <classes>
        <class filename="src/main/scala/reaktor/scct/report/BinaryReporter.scala" name="BinaryReporter" line-rate="0">
          <methods></methods>
          <lines>
            <line number="7" hits="0"></line>
            <line number="9" hits="0"></line>
            <line number="10" hits="0"></line>
            <line number="14" hits="0"></line>
          </lines>
        </class>
        <class filename="src/main/scala/reaktor/scct/report/CoberturaReporter.scala" name="CoberturaReporter" line-rate="0">
          <methods></methods>
          <lines>
            <line number="6" hits="0"></line>
            <line number="7" hits="0"></line>
            <line number="10" hits="0"></line>
            <line number="11" hits="0"></line>
            <line number="15" hits="0"></line>
            <line number="19" hits="0"></line>
            <line number="20" hits="0"></line>
            <line number="21" hits="0"></line>
            <line number="29" hits="0"></line>
            <line number="30" hits="0"></line>
            <line number="31" hits="0"></line>
            <line number="32" hits="0"></line>
            <line number="39" hits="0"></line>
            <line number="40" hits="0"></line>
            <line number="44" hits="0"></line>
            <line number="45" hits="0"></line>
            <line number="47" hits="0"></line>
            <line number="48" hits="0"></line>
            <line number="49" hits="0"></line>
            <line number="50" hits="0"></line>
            <line number="51" hits="0"></line>
            <line number="52" hits="0"></line>
            <line number="53" hits="0"></line>
            <line number="55" hits="0"></line>
          </lines>
        </class>
        <class filename="src/main/scala/reaktor/scct/report/CoverageData.scala" name="CoverageData" line-rate="0.30">
          <methods></methods>
          <lines>
            <line number="7" hits="1"></line>
            <line number="9" hits="1"></line>
            <line number="12" hits="0"></line>
            <line number="15" hits="0"></line>
            <line number="16" hits="0"></line>
            <line number="20" hits="0"></line>
            <line number="23" hits="0"></line>
            <line number="24" hits="0"></line>
            <line number="28" hits="0"></line>
            <line number="31" hits="0"></line>
            <line number="32" hits="0"></line>
            <line number="36" hits="0"></line>
            <line number="39" hits="0"></line>
            <line number="40" hits="0"></line>
            <line number="43" hits="0"></line>
            <line number="44" hits="0"></line>
            <line number="46" hits="2"></line>
            <line number="49" hits="2"></line>
            <line number="50" hits="1"></line>
            <line number="52" hits="4"></line>
            <line number="53" hits="1"></line>
          </lines>
        </class>
        <class filename="src/main/scala/reaktor/scct/report/HtmlHelper.scala" name="HtmlHelper" line-rate="0.0090">
          <methods></methods>
          <lines>
            <line number="6" hits="1"></line>
            <line number="7" hits="0"></line>
            <line number="8" hits="0"></line>
            <line number="11" hits="0"></line>
            <line number="14" hits="0"></line>
            <line number="17" hits="0"></line>
            <line number="18" hits="0"></line>
            <line number="19" hits="0"></line>
            <line number="23" hits="0"></line>
            <line number="26" hits="0"></line>
            <line number="27" hits="0"></line>
            <line number="28" hits="0"></line>
            <line number="32" hits="0"></line>
            <line number="33" hits="0"></line>
            <line number="34" hits="0"></line>
            <line number="35" hits="0"></line>
            <line number="39" hits="0"></line>
            <line number="42" hits="0"></line>
            <line number="45" hits="0"></line>
            <line number="47" hits="0"></line>
            <line number="50" hits="0"></line>
            <line number="51" hits="0"></line>
            <line number="52" hits="0"></line>
            <line number="53" hits="0"></line>
            <line number="54" hits="0"></line>
            <line number="55" hits="0"></line>
            <line number="57" hits="0"></line>
            <line number="60" hits="0"></line>
          </lines>
        </class>
        <class filename="src/main/scala/reaktor/scct/report/HtmlReportWriter.scala" name="HtmlReportWriter" line-rate="0">
          <methods></methods>
          <lines>
            <line number="7" hits="0"></line>
            <line number="10" hits="0"></line>
            <line number="13" hits="0"></line>
            <line number="16" hits="0"></line>
            <line number="17" hits="0"></line>
            <line number="18" hits="0"></line>
            <line number="19" hits="0"></line>
          </lines>
        </class>
        <class filename="src/main/scala/reaktor/scct/report/HtmlReporter.scala" name="HtmlReporter" line-rate="0">
          <methods></methods>
          <lines>
            <line number="8" hits="0"></line>
            <line number="9" hits="0"></line>
            <line number="17" hits="0"></line>
            <line number="18" hits="0"></line>
            <line number="19" hits="0"></line>
            <line number="20" hits="0"></line>
            <line number="21" hits="0"></line>
            <line number="25" hits="0"></line>
            <line number="29" hits="0"></line>
            <line number="30" hits="0"></line>
            <line number="31" hits="0"></line>
            <line number="32" hits="0"></line>
            <line number="33" hits="0"></line>
            <line number="34" hits="0"></line>
            <line number="36" hits="0"></line>
            <line number="37" hits="0"></line>
            <line number="42" hits="0"></line>
            <line number="43" hits="0"></line>
            <line number="44" hits="0"></line>
            <line number="49" hits="0"></line>
            <line number="50" hits="0"></line>
            <line number="51" hits="0"></line>
            <line number="54" hits="0"></line>
            <line number="55" hits="0"></line>
            <line number="56" hits="0"></line>
            <line number="60" hits="0"></line>
            <line number="61" hits="0"></line>
            <line number="62" hits="0"></line>
            <line number="63" hits="0"></line>
            <line number="64" hits="0"></line>
            <line number="72" hits="0"></line>
            <line number="76" hits="0"></line>
            <line number="77" hits="0"></line>
            <line number="78" hits="0"></line>
            <line number="79" hits="0"></line>
            <line number="84" hits="0"></line>
            <line number="86" hits="0"></line>
            <line number="87" hits="0"></line>
            <line number="91" hits="0"></line>
            <line number="92" hits="0"></line>
            <line number="93" hits="0"></line>
          </lines>
        </class>
        <class filename="src/main/scala/reaktor/scct/report/HtmlReporter.scala" name="HtmlReporter.files" line-rate="0">
          <methods></methods>
          <lines>
            <line number="12" hits="0"></line>
            <line number="13" hits="0"></line>
          </lines>
        </class>
        <class 
        filename="src/main/scala/reaktor/scct/report/MultiProjectHtmlReporter.scala" name="MultiProjectHtmlReporter" line-rate="0">
          <methods></methods>
          <lines> </lines>
</class>
        <class 
        filename="src/main/scala/reaktor/scct/report/MultiProjectHtmlReporter.scala" name="MultiProjectHtmlReporter" line-rate="0">
          <methods></methods>
          <lines>
            <line number="8" hits="0"></line>
            <line number="11" hits="0"></line>
            <line number="12" hits="0"></line>
            <line number="14" hits="0"></line>
            <line number="16" hits="0"></line>
            <line number="17" hits="0"></line>
            <line number="18" hits="0"></line>
            <line number="19" hits="0"></line>
            <line number="20" hits="0"></line>
            <line number="22" hits="0"></line>
            <line number="23" hits="0"></line>
          </lines>
</class>
        <class filename="src/main/scala/reaktor/scct/report/ProjectData.scala" name="ProjectData" line-rate="0">
          <methods></methods>
          <lines>
            <line number="6" hits="0"></line>
            <line number="7" hits="0"></line>
            <line number="8" hits="0"></line>
            <line number="9" hits="0"></line>
          </lines>
        </class>
        <class 
        filename="src/main/scala/reaktor/scct/report/SourceFileHtmlReporter.scala" name="SourceFileHtmlReporter" line-rate="0.32">
          <methods></methods>
          <lines>
            <line number="20" hits="1"></line>
            <line number="22" hits="1"></line>
            <line number="25" hits="0"></line>
            <line number="29" hits="0"></line>
            <line number="30" hits="0"></line>
            <line number="31" hits="0"></line>
            <line number="35" hits="1"></line>
            <line number="36" hits="0"></line>
            <line number="38" hits="1"></line>
            <line number="39" hits="1"></line>
            <line number="40" hits="2"></line>
            <line number="41" hits="7"></line>
            <line number="47" hits="0"></line>
            <line number="50" hits="0"></line>
            <line number="54" hits="0"></line>
            <line number="55" hits="0"></line>
            <line number="57" hits="0"></line>
            <line number="58" hits="0"></line>
            <line number="59" hits="0"></line>
            <line number="60" hits="0"></line>
            <line number="61" hits="0"></line>
            <line number="63" hits="0"></line>
            <line number="64" hits="0"></line>
            <line number="65" hits="0"></line>
            <line number="67" hits="0"></line>
            <line number="73" hits="0"></line>
            <line number="74" hits="0"></line>
            <line number="76" hits="0"></line>
            <line number="77" hits="0"></line>
            <line number="83" hits="1"></line>
            <line number="86" hits="1"></line>
            <line number="87" hits="2"></line>
            <line number="89" hits="2"></line>
            <line number="90" hits="1"></line>
            <line number="91" hits="2"></line>
            <line number="93" hits="2"></line>
            <line number="94" hits="1"></line>
            <line number="101" hits="1"></line>
            <line number="102" hits="1"></line>
            <line number="103" hits="8"></line>
          </lines>
</class>
        <class 
        filename="src/main/scala/reaktor/scct/report/SourceFileHtmlReporter.scala" name="SourceFileHtmlReporter" line-rate="0.55">
          <methods></methods>
          <lines>
            <line number="10" hits="0"></line>
            <line number="11" hits="0"></line>
            <line number="12" hits="0"></line>
            <line number="15" hits="1"></line>
            <line number="16" hits="4"></line>
          </lines>
</class>
        <class filename="src/main/scala/reaktor/scct/report/SourceLoader.scala" name="SourceLoader" line-rate="1">
          <methods></methods>
          <lines>
            <line number="6" hits="1"></line>
            <line number="8" hits="1"></line>
            <line number="9" hits="1"></line>
            <line number="14" hits="1"></line>
            <line number="15" hits="1"></line>
            <line number="17" hits="2"></line>
            <line number="18" hits="2"></line>
            <line number="21" hits="1"></line>
          </lines>
        </class>
      </classes>
    </package>
  </packages>
</coverage>